# JRE version: Java(TM) SE Runtime Environment (8.0_60-b27) (build 1.8.0_60-b27)
# Java VM: Java HotSpot(TM) Client VM (25.60-b23 mixed mode windows-x86 )
Heap:
 def new generation   total 4992K, used 1257K [0x04e00000, 0x05360000, 0x0a350000)
  eden space 4480K,  28% used [0x04e00000, 0x04f3a528, 0x05260000)
  from space 512K,   0% used [0x05260000, 0x05260000, 0x052e0000)
  to   space 512K,   0% used [0x052e0000, 0x052e0000, 0x05360000)
 tenured generation   total 10944K, used 5129K [0x0a350000, 0x0ae00000, 0x14e00000)
   the space 10944K,  46% used [0x0a350000, 0x0a852468, 0x0a852600, 0x0ae00000)
 Metaspace       used 12304K, capacity 12662K, committed 12672K, reserved 12672K
GC Heap History (10 events):
Event: 0.995 GC heap before
{Heap before GC invocations=12 (full 0):
 def new generation   total 4928K, used 4925K [0x04e00000, 0x05350000, 0x0a350000)
  eden space 4416K, 100% used [0x04e00000, 0x05250000, 0x05250000)
  from space 512K,  99% used [0x05250000, 0x052cf418, 0x052d0000)
  to   space 512K,   0% used [0x052d0000, 0x052d0000, 0x05350000)
 tenured generation   total 10944K, used 3645K [0x0a350000, 0x0ae00000, 0x14e00000)
   the space 10944K,  33% used [0x0a350000, 0x0a6df598, 0x0a6df600, 0x0ae00000)
 Metaspace       used 9450K, capacity 9721K, committed 9856K, reserved 10624K
Event: 0.997 GC heap after
Heap after GC invocations=13 (full 0):
 def new generation   total 4928K, used 512K [0x04e00000, 0x05350000, 0x0a350000)
  eden space 4416K,   0% used [0x04e00000, 0x04e00000, 0x05250000)
  from space 512K, 100% used [0x052d0000, 0x05350000, 0x05350000)
  to   space 512K,   0% used [0x05250000, 0x05250000, 0x052d0000)
 tenured generation   total 10944K, used 4020K [0x0a350000, 0x0ae00000, 0x14e00000)
   the space 10944K,  36% used [0x0a350000, 0x0a73d020, 0x0a73d200, 0x0ae00000)
 Metaspace       used 9450K, capacity 9721K, committed 9856K, reserved 10624K
}
Event: 1.048 GC heap before
{Heap before GC invocations=13 (full 0):
 def new generation   total 4928K, used 4928K [0x04e00000, 0x05350000, 0x0a350000)
  eden space 4416K, 100% used [0x04e00000, 0x05250000, 0x05250000)
  from space 512K, 100% used [0x052d0000, 0x05350000, 0x05350000)
  to   space 512K,   0% used [0x05250000, 0x05250000, 0x052d0000)
 tenured generation   total 10944K, used 4020K [0x0a350000, 0x0ae00000, 0x14e00000)
   the space 10944K,  36% used [0x0a350000, 0x0a73d020, 0x0a73d200, 0x0ae00000)
 Metaspace       used 9734K, capacity 10009K, committed 10112K, reserved 10624K
Event: 1.050 GC heap after
Heap after GC invocations=14 (full 0):
 def new generation   total 4928K, used 419K [0x04e00000, 0x05350000, 0x0a350000)
  eden space 4416K,   0% used [0x04e00000, 0x04e00000, 0x05250000)
  from space 512K,  81% used [0x05250000, 0x052b8e88, 0x052d0000)
  to   space 512K,   0% used [0x052d0000, 0x052d0000, 0x05350000)
 tenured generation   total 10944K, used 4383K [0x0a350000, 0x0ae00000, 0x14e00000)
   the space 10944K,  40% used [0x0a350000, 0x0a797ca8, 0x0a797e00, 0x0ae00000)
 Metaspace       used 9734K, capacity 10009K, committed 10112K, reserved 10624K
}
Event: 1.114 GC heap before
{Heap before GC invocations=14 (full 0):
 def new generation   total 4928K, used 4835K [0x04e00000, 0x05350000, 0x0a350000)
  eden space 4416K, 100% used [0x04e00000, 0x05250000, 0x05250000)
  from space 512K,  81% used [0x05250000, 0x052b8e88, 0x052d0000)
  to   space 512K,   0% used [0x052d0000, 0x052d0000, 0x05350000)
 tenured generation   total 10944K, used 4383K [0x0a350000, 0x0ae00000, 0x14e00000)
   the space 10944K,  40% used [0x0a350000, 0x0a797ca8, 0x0a797e00, 0x0ae00000)
 Metaspace       used 10271K, capacity 10581K, committed 10624K, reserved 10624K
Event: 1.116 GC heap after
Heap after GC invocations=15 (full 0):
 def new generation   total 4928K, used 405K [0x04e00000, 0x05350000, 0x0a350000)
  eden space 4416K,   0% used [0x04e00000, 0x04e00000, 0x05250000)
  from space 512K,  79% used [0x052d0000, 0x05335718, 0x05350000)
  to   space 512K,   0% used [0x05250000, 0x05250000, 0x052d0000)
 tenured generation   total 10944K, used 4454K [0x0a350000, 0x0ae00000, 0x14e00000)
   the space 10944K,  40% used [0x0a350000, 0x0a7a98d0, 0x0a7a9a00, 0x0ae00000)
 Metaspace       used 10271K, capacity 10581K, committed 10624K, reserved 10624K
}
Event: 1.178 GC heap before
{Heap before GC invocations=15 (full 0):
 def new generation   total 4928K, used 4821K [0x04e00000, 0x05350000, 0x0a350000)
  eden space 4416K, 100% used [0x04e00000, 0x05250000, 0x05250000)
  from space 512K,  79% used [0x052d0000, 0x05335718, 0x05350000)
  to   space 512K,   0% used [0x05250000, 0x05250000, 0x052d0000)
 tenured generation   total 10944K, used 4454K [0x0a350000, 0x0ae00000, 0x14e00000)
   the space 10944K,  40% used [0x0a350000, 0x0a7a98d0, 0x0a7a9a00, 0x0ae00000)
 Metaspace       used 11171K, capacity 11516K, committed 11648K, reserved 11648K
Event: 1.181 GC heap after
Heap after GC invocations=16 (full 0):
 def new generation   total 4928K, used 512K [0x04e00000, 0x05350000, 0x0a350000)
  eden space 4416K,   0% used [0x04e00000, 0x04e00000, 0x05250000)
  from space 512K, 100% used [0x05250000, 0x052d0000, 0x052d0000)
  to   space 512K,   0% used [0x052d0000, 0x052d0000, 0x05350000)
 tenured generation   total 10944K, used 5112K [0x0a350000, 0x0ae00000, 0x14e00000)
   the space 10944K,  46% used [0x0a350000, 0x0a84e108, 0x0a84e200, 0x0ae00000)
 Metaspace       used 11171K, capacity 11516K, committed 11648K, reserved 11648K
}
Event: 4.231 GC heap before
{Heap before GC invocations=16 (full 0):
 def new generation   total 4928K, used 3446K [0x04e00000, 0x05350000, 0x0a350000)
  eden space 4416K,  66% used [0x04e00000, 0x050dd948, 0x05250000)
  from space 512K, 100% used [0x05250000, 0x052d0000, 0x052d0000)
  to   space 512K,   0% used [0x052d0000, 0x052d0000, 0x05350000)
 tenured generation   total 10944K, used 5112K [0x0a350000, 0x0ae00000, 0x14e00000)
   the space 10944K,  46% used [0x0a350000, 0x0a84e108, 0x0a84e200, 0x0ae00000)
 Metaspace       used 11912K, capacity 12263K, committed 12288K, reserved 12672K
Event: 4.263 GC heap after
Heap after GC invocations=17 (full 1):
 def new generation   total 4992K, used 0K [0x04e00000, 0x05360000, 0x0a350000)
  eden space 4480K,   0% used [0x04e00000, 0x04e00000, 0x05260000)
  from space 512K,   0% used [0x05260000, 0x05260000, 0x052e0000)
  to   space 512K,   0% used [0x052e0000, 0x052e0000, 0x05360000)
 tenured generation   total 10944K, used 5129K [0x0a350000, 0x0ae00000, 0x14e00000)
   the space 10944K,  46% used [0x0a350000, 0x0a852468, 0x0a852600, 0x0ae00000)
 Metaspace       used 11912K, capacity 12263K, committed 12288K, reserved 12672K
}

