# JRE version: Java(TM) SE Runtime Environment (8.0_60-b27) (build 1.8.0_60-b27)
# Java VM: Java HotSpot(TM) Client VM (25.60-b23 mixed mode windows-x86 )
Heap:
 def new generation   total 4992K, used 3789K [0x04400000, 0x04960000, 0x09950000)
  eden space 4480K,  83% used [0x04400000, 0x047a1df0, 0x04860000)
  from space 512K,  13% used [0x04860000, 0x048718a0, 0x048e0000)
  to   space 512K,   0% used [0x048e0000, 0x048e0000, 0x04960000)
 tenured generation   total 10944K, used 10032K [0x09950000, 0x0a400000, 0x14400000)
   the space 10944K,  91% used [0x09950000, 0x0a31c240, 0x0a31c400, 0x0a400000)
 Metaspace       used 15071K, capacity 15695K, committed 15744K, reserved 15744K
GC Heap History (10 events):
Event: 5.309 GC heap before
{Heap before GC invocations=16 (full 0):
 def new generation   total 4928K, used 3477K [0x04400000, 0x04950000, 0x09950000)
  eden space 4416K,  67% used [0x04400000, 0x046e5658, 0x04850000)
  from space 512K, 100% used [0x04850000, 0x048d0000, 0x048d0000)
  to   space 512K,   0% used [0x048d0000, 0x048d0000, 0x04950000)
 tenured generation   total 10944K, used 5100K [0x09950000, 0x0a400000, 0x14400000)
   the space 10944K,  46% used [0x09950000, 0x09e4b3e0, 0x09e4b400, 0x0a400000)
 Metaspace       used 11911K, capacity 12263K, committed 12288K, reserved 12672K
Event: 5.341 GC heap after
Heap after GC invocations=17 (full 1):
 def new generation   total 4992K, used 0K [0x04400000, 0x04960000, 0x09950000)
  eden space 4480K,   0% used [0x04400000, 0x04400000, 0x04860000)
  from space 512K,   0% used [0x04860000, 0x04860000, 0x048e0000)
  to   space 512K,   0% used [0x048e0000, 0x048e0000, 0x04960000)
 tenured generation   total 10944K, used 5132K [0x09950000, 0x0a400000, 0x14400000)
   the space 10944K,  46% used [0x09950000, 0x09e531f0, 0x09e53200, 0x0a400000)
 Metaspace       used 11911K, capacity 12263K, committed 12288K, reserved 12672K
}
Event: 8.786 GC heap before
{Heap before GC invocations=17 (full 1):
 def new generation   total 4992K, used 4480K [0x04400000, 0x04960000, 0x09950000)
  eden space 4480K, 100% used [0x04400000, 0x04860000, 0x04860000)
  from space 512K,   0% used [0x04860000, 0x04860000, 0x048e0000)
  to   space 512K,   0% used [0x048e0000, 0x048e0000, 0x04960000)
 tenured generation   total 10944K, used 5132K [0x09950000, 0x0a400000, 0x14400000)
   the space 10944K,  46% used [0x09950000, 0x09e531f0, 0x09e53200, 0x0a400000)
 Metaspace       used 13170K, capacity 13539K, committed 13568K, reserved 13696K
Event: 8.788 GC heap after
Heap after GC invocations=18 (full 1):
 def new generation   total 4992K, used 285K [0x04400000, 0x04960000, 0x09950000)
  eden space 4480K,   0% used [0x04400000, 0x04400000, 0x04860000)
  from space 512K,  55% used [0x048e0000, 0x049276a0, 0x04960000)
  to   space 512K,   0% used [0x04860000, 0x04860000, 0x048e0000)
 tenured generation   total 10944K, used 5132K [0x09950000, 0x0a400000, 0x14400000)
   the space 10944K,  46% used [0x09950000, 0x09e531f0, 0x09e53200, 0x0a400000)
 Metaspace       used 13170K, capacity 13539K, committed 13568K, reserved 13696K
}
Event: 8.902 GC heap before
{Heap before GC invocations=18 (full 1):
 def new generation   total 4992K, used 4765K [0x04400000, 0x04960000, 0x09950000)
  eden space 4480K, 100% used [0x04400000, 0x04860000, 0x04860000)
  from space 512K,  55% used [0x048e0000, 0x049276a0, 0x04960000)
  to   space 512K,   0% used [0x04860000, 0x04860000, 0x048e0000)
 tenured generation   total 10944K, used 5132K [0x09950000, 0x0a400000, 0x14400000)
   the space 10944K,  46% used [0x09950000, 0x09e531f0, 0x09e53200, 0x0a400000)
 Metaspace       used 14222K, capacity 14706K, committed 14720K, reserved 14720K
Event: 8.905 GC heap after
Heap after GC invocations=19 (full 1):
 def new generation   total 4992K, used 512K [0x04400000, 0x04960000, 0x09950000)
  eden space 4480K,   0% used [0x04400000, 0x04400000, 0x04860000)
  from space 512K, 100% used [0x04860000, 0x048e0000, 0x048e0000)
  to   space 512K,   0% used [0x048e0000, 0x048e0000, 0x04960000)
 tenured generation   total 10944K, used 5400K [0x09950000, 0x0a400000, 0x14400000)
   the space 10944K,  49% used [0x09950000, 0x09e96250, 0x09e96400, 0x0a400000)
 Metaspace       used 14222K, capacity 14706K, committed 14720K, reserved 14720K
}
Event: 9.063 GC heap before
{Heap before GC invocations=19 (full 1):
 def new generation   total 4992K, used 4967K [0x04400000, 0x04960000, 0x09950000)
  eden space 4480K,  99% used [0x04400000, 0x04859ef0, 0x04860000)
  from space 512K, 100% used [0x04860000, 0x048e0000, 0x048e0000)
  to   space 512K,   0% used [0x048e0000, 0x048e0000, 0x04960000)
 tenured generation   total 10944K, used 5400K [0x09950000, 0x0a400000, 0x14400000)
   the space 10944K,  49% used [0x09950000, 0x09e96250, 0x09e96400, 0x0a400000)
 Metaspace       used 14779K, capacity 15378K, committed 15488K, reserved 15744K
Event: 9.069 GC heap after
Heap after GC invocations=20 (full 1):
 def new generation   total 4992K, used 512K [0x04400000, 0x04960000, 0x09950000)
  eden space 4480K,   0% used [0x04400000, 0x04400000, 0x04860000)
  from space 512K, 100% used [0x048e0000, 0x04960000, 0x04960000)
  to   space 512K,   0% used [0x04860000, 0x04860000, 0x048e0000)
 tenured generation   total 10944K, used 6450K [0x09950000, 0x0a400000, 0x14400000)
   the space 10944K,  58% used [0x09950000, 0x09f9ca20, 0x09f9cc00, 0x0a400000)
 Metaspace       used 14779K, capacity 15378K, committed 15488K, reserved 15744K
}
Event: 15.103 GC heap before
{Heap before GC invocations=20 (full 1):
 def new generation   total 4992K, used 4992K [0x04400000, 0x04960000, 0x09950000)
  eden space 4480K, 100% used [0x04400000, 0x04860000, 0x04860000)
  from space 512K, 100% used [0x048e0000, 0x04960000, 0x04960000)
  to   space 512K,   0% used [0x04860000, 0x04860000, 0x048e0000)
 tenured generation   total 10944K, used 6450K [0x09950000, 0x0a400000, 0x14400000)
   the space 10944K,  58% used [0x09950000, 0x09f9ca20, 0x09f9cc00, 0x0a400000)
 Metaspace       used 14951K, capacity 15551K, committed 15616K, reserved 15744K
Event: 15.108 GC heap after
Heap after GC invocations=21 (full 1):
 def new generation   total 4992K, used 70K [0x04400000, 0x04960000, 0x09950000)
  eden space 4480K,   0% used [0x04400000, 0x04400000, 0x04860000)
  from space 512K,  13% used [0x04860000, 0x048718a0, 0x048e0000)
  to   space 512K,   0% used [0x048e0000, 0x048e0000, 0x04960000)
 tenured generation   total 10944K, used 10032K [0x09950000, 0x0a400000, 0x14400000)
   the space 10944K,  91% used [0x09950000, 0x0a31c240, 0x0a31c400, 0x0a400000)
 Metaspace       used 14951K, capacity 15551K, committed 15616K, reserved 15744K
}

