# JRE version: Java(TM) SE Runtime Environment (8.0_60-b27) (build 1.8.0_60-b27)
# Java VM: Java HotSpot(TM) Client VM (25.60-b23 mixed mode windows-x86 )
Heap:
 def new generation   total 4992K, used 1307K [0x04400000, 0x04960000, 0x09950000)
  eden space 4480K,  29% used [0x04400000, 0x04546c60, 0x04860000)
  from space 512K,   0% used [0x04860000, 0x04860000, 0x048e0000)
  to   space 512K,   0% used [0x048e0000, 0x048e0000, 0x04960000)
 tenured generation   total 10944K, used 5128K [0x09950000, 0x0a400000, 0x14400000)
   the space 10944K,  46% used [0x09950000, 0x09e52328, 0x09e52400, 0x0a400000)
 Metaspace       used 12304K, capacity 12662K, committed 12672K, reserved 12672K
GC Heap History (10 events):
Event: 1.168 GC heap before
{Heap before GC invocations=12 (full 0):
 def new generation   total 4928K, used 4923K [0x04400000, 0x04950000, 0x09950000)
  eden space 4416K, 100% used [0x04400000, 0x04850000, 0x04850000)
  from space 512K,  99% used [0x04850000, 0x048cee10, 0x048d0000)
  to   space 512K,   0% used [0x048d0000, 0x048d0000, 0x04950000)
 tenured generation   total 10944K, used 3644K [0x09950000, 0x0a400000, 0x14400000)
   the space 10944K,  33% used [0x09950000, 0x09cdf090, 0x09cdf200, 0x0a400000)
 Metaspace       used 9449K, capacity 9721K, committed 9856K, reserved 10624K
Event: 1.170 GC heap after
Heap after GC invocations=13 (full 0):
 def new generation   total 4928K, used 511K [0x04400000, 0x04950000, 0x09950000)
  eden space 4416K,   0% used [0x04400000, 0x04400000, 0x04850000)
  from space 512K,  99% used [0x048d0000, 0x0494fff8, 0x04950000)
  to   space 512K,   0% used [0x04850000, 0x04850000, 0x048d0000)
 tenured generation   total 10944K, used 4012K [0x09950000, 0x0a400000, 0x14400000)
   the space 10944K,  36% used [0x09950000, 0x09d3b1b0, 0x09d3b200, 0x0a400000)
 Metaspace       used 9449K, capacity 9721K, committed 9856K, reserved 10624K
}
Event: 1.219 GC heap before
{Heap before GC invocations=13 (full 0):
 def new generation   total 4928K, used 4927K [0x04400000, 0x04950000, 0x09950000)
  eden space 4416K, 100% used [0x04400000, 0x04850000, 0x04850000)
  from space 512K,  99% used [0x048d0000, 0x0494fff8, 0x04950000)
  to   space 512K,   0% used [0x04850000, 0x04850000, 0x048d0000)
 tenured generation   total 10944K, used 4012K [0x09950000, 0x0a400000, 0x14400000)
   the space 10944K,  36% used [0x09950000, 0x09d3b1b0, 0x09d3b200, 0x0a400000)
 Metaspace       used 9734K, capacity 10009K, committed 10112K, reserved 10624K
Event: 1.221 GC heap after
Heap after GC invocations=14 (full 0):
 def new generation   total 4928K, used 414K [0x04400000, 0x04950000, 0x09950000)
  eden space 4416K,   0% used [0x04400000, 0x04400000, 0x04850000)
  from space 512K,  81% used [0x04850000, 0x048b7b58, 0x048d0000)
  to   space 512K,   0% used [0x048d0000, 0x048d0000, 0x04950000)
 tenured generation   total 10944K, used 4371K [0x09950000, 0x0a400000, 0x14400000)
   the space 10944K,  39% used [0x09950000, 0x09d94f10, 0x09d95000, 0x0a400000)
 Metaspace       used 9734K, capacity 10009K, committed 10112K, reserved 10624K
}
Event: 1.286 GC heap before
{Heap before GC invocations=14 (full 0):
 def new generation   total 4928K, used 4830K [0x04400000, 0x04950000, 0x09950000)
  eden space 4416K, 100% used [0x04400000, 0x04850000, 0x04850000)
  from space 512K,  81% used [0x04850000, 0x048b7b58, 0x048d0000)
  to   space 512K,   0% used [0x048d0000, 0x048d0000, 0x04950000)
 tenured generation   total 10944K, used 4371K [0x09950000, 0x0a400000, 0x14400000)
   the space 10944K,  39% used [0x09950000, 0x09d94f10, 0x09d95000, 0x0a400000)
 Metaspace       used 10271K, capacity 10581K, committed 10624K, reserved 10624K
Event: 1.288 GC heap after
Heap after GC invocations=15 (full 0):
 def new generation   total 4928K, used 405K [0x04400000, 0x04950000, 0x09950000)
  eden space 4416K,   0% used [0x04400000, 0x04400000, 0x04850000)
  from space 512K,  79% used [0x048d0000, 0x04935690, 0x04950000)
  to   space 512K,   0% used [0x04850000, 0x04850000, 0x048d0000)
 tenured generation   total 10944K, used 4441K [0x09950000, 0x0a400000, 0x14400000)
   the space 10944K,  40% used [0x09950000, 0x09da64a8, 0x09da6600, 0x0a400000)
 Metaspace       used 10271K, capacity 10581K, committed 10624K, reserved 10624K
}
Event: 1.351 GC heap before
{Heap before GC invocations=15 (full 0):
 def new generation   total 4928K, used 4821K [0x04400000, 0x04950000, 0x09950000)
  eden space 4416K, 100% used [0x04400000, 0x04850000, 0x04850000)
  from space 512K,  79% used [0x048d0000, 0x04935690, 0x04950000)
  to   space 512K,   0% used [0x04850000, 0x04850000, 0x048d0000)
 tenured generation   total 10944K, used 4441K [0x09950000, 0x0a400000, 0x14400000)
   the space 10944K,  40% used [0x09950000, 0x09da64a8, 0x09da6600, 0x0a400000)
 Metaspace       used 11166K, capacity 11484K, committed 11520K, reserved 11648K
Event: 1.354 GC heap after
Heap after GC invocations=16 (full 0):
 def new generation   total 4928K, used 512K [0x04400000, 0x04950000, 0x09950000)
  eden space 4416K,   0% used [0x04400000, 0x04400000, 0x04850000)
  from space 512K, 100% used [0x04850000, 0x048d0000, 0x048d0000)
  to   space 512K,   0% used [0x048d0000, 0x048d0000, 0x04950000)
 tenured generation   total 10944K, used 5098K [0x09950000, 0x0a400000, 0x14400000)
   the space 10944K,  46% used [0x09950000, 0x09e4a828, 0x09e4aa00, 0x0a400000)
 Metaspace       used 11166K, capacity 11484K, committed 11520K, reserved 11648K
}
Event: 12.450 GC heap before
{Heap before GC invocations=16 (full 0):
 def new generation   total 4928K, used 3462K [0x04400000, 0x04950000, 0x09950000)
  eden space 4416K,  66% used [0x04400000, 0x046e1b00, 0x04850000)
  from space 512K, 100% used [0x04850000, 0x048d0000, 0x048d0000)
  to   space 512K,   0% used [0x048d0000, 0x048d0000, 0x04950000)
 tenured generation   total 10944K, used 5098K [0x09950000, 0x0a400000, 0x14400000)
   the space 10944K,  46% used [0x09950000, 0x09e4a828, 0x09e4aa00, 0x0a400000)
 Metaspace       used 11912K, capacity 12263K, committed 12288K, reserved 12672K
Event: 12.474 GC heap after
Heap after GC invocations=17 (full 1):
 def new generation   total 4992K, used 0K [0x04400000, 0x04960000, 0x09950000)
  eden space 4480K,   0% used [0x04400000, 0x04400000, 0x04860000)
  from space 512K,   0% used [0x04860000, 0x04860000, 0x048e0000)
  to   space 512K,   0% used [0x048e0000, 0x048e0000, 0x04960000)
 tenured generation   total 10944K, used 5128K [0x09950000, 0x0a400000, 0x14400000)
   the space 10944K,  46% used [0x09950000, 0x09e52328, 0x09e52400, 0x0a400000)
 Metaspace       used 11912K, capacity 12263K, committed 12288K, reserved 12672K
}

