# JRE version: OpenJDK Runtime Environment (8.0_66-b17) (build 1.8.0_66-internal-b17)
# Java VM: OpenJDK 64-Bit Server VM (25.66-b17 mixed mode linux-amd64 compressed oops)
Heap:
 PSYoungGen      total 127488K, used 47433K [0x00000000ec700000, 0x00000000f6d00000, 0x0000000100000000)
  eden space 117760K, 40% used [0x00000000ec700000,0x00000000ef552558,0x00000000f3a00000)
  from space 9728K, 0% used [0x00000000f3a00000,0x00000000f3a00000,0x00000000f4380000)
  to   space 9728K, 0% used [0x00000000f6380000,0x00000000f6380000,0x00000000f6d00000)
 ParOldGen       total 49664K, used 11437K [0x00000000c5400000, 0x00000000c8480000, 0x00000000ec700000)
  object space 49664K, 23% used [0x00000000c5400000,0x00000000c5f2b780,0x00000000c8480000)
 Metaspace       used 40539K, capacity 41872K, committed 42152K, reserved 1085440K
  class space    used 5504K, capacity 5751K, committed 5800K, reserved 1048576K
GC Heap History (10 events):
Event: 3,517 GC heap before
{Heap before GC invocations=5 (full 0):
 PSYoungGen      total 64000K, used 55945K [0x00000000ec700000, 0x00000000f0800000, 0x0000000100000000)
  eden space 61440K, 86% used [0x00000000ec700000,0x00000000efb26828,0x00000000f0300000)
  from space 2560K, 99% used [0x00000000f0580000,0x00000000f07fbf50,0x00000000f0800000)
  to   space 2560K, 0% used [0x00000000f0300000,0x00000000f0300000,0x00000000f0580000)
 ParOldGen       total 40960K, used 6106K [0x00000000c5400000, 0x00000000c7c00000, 0x00000000ec700000)
  object space 40960K, 14% used [0x00000000c5400000,0x00000000c59f6a90,0x00000000c7c00000)
 Metaspace       used 20760K, capacity 21096K, committed 21296K, reserved 1069056K
  class space    used 2595K, capacity 2688K, committed 2688K, reserved 1048576K
Event: 3,532 GC heap after
Heap after GC invocations=5 (full 0):
 PSYoungGen      total 64000K, used 2535K [0x00000000ec700000, 0x00000000f4d00000, 0x0000000100000000)
  eden space 61440K, 0% used [0x00000000ec700000,0x00000000ec700000,0x00000000f0300000)
  from space 2560K, 99% used [0x00000000f0300000,0x00000000f0579d58,0x00000000f0580000)
  to   space 7168K, 0% used [0x00000000f4600000,0x00000000f4600000,0x00000000f4d00000)
 ParOldGen       total 40960K, used 8991K [0x00000000c5400000, 0x00000000c7c00000, 0x00000000ec700000)
  object space 40960K, 21% used [0x00000000c5400000,0x00000000c5cc7d00,0x00000000c7c00000)
 Metaspace       used 20760K, capacity 21096K, committed 21296K, reserved 1069056K
  class space    used 2595K, capacity 2688K, committed 2688K, reserved 1048576K
}
Event: 3,532 GC heap before
{Heap before GC invocations=6 (full 1):
 PSYoungGen      total 64000K, used 2535K [0x00000000ec700000, 0x00000000f4d00000, 0x0000000100000000)
  eden space 61440K, 0% used [0x00000000ec700000,0x00000000ec700000,0x00000000f0300000)
  from space 2560K, 99% used [0x00000000f0300000,0x00000000f0579d58,0x00000000f0580000)
  to   space 7168K, 0% used [0x00000000f4600000,0x00000000f4600000,0x00000000f4d00000)
 ParOldGen       total 40960K, used 8991K [0x00000000c5400000, 0x00000000c7c00000, 0x00000000ec700000)
  object space 40960K, 21% used [0x00000000c5400000,0x00000000c5cc7d00,0x00000000c7c00000)
 Metaspace       used 20760K, capacity 21096K, committed 21296K, reserved 1069056K
  class space    used 2595K, capacity 2688K, committed 2688K, reserved 1048576K
Event: 3,589 GC heap after
Heap after GC invocations=6 (full 1):
 PSYoungGen      total 64000K, used 0K [0x00000000ec700000, 0x00000000f4d00000, 0x0000000100000000)
  eden space 61440K, 0% used [0x00000000ec700000,0x00000000ec700000,0x00000000f0300000)
  from space 2560K, 0% used [0x00000000f0300000,0x00000000f0300000,0x00000000f0580000)
  to   space 7168K, 0% used [0x00000000f4600000,0x00000000f4600000,0x00000000f4d00000)
 ParOldGen       total 35840K, used 8737K [0x00000000c5400000, 0x00000000c7700000, 0x00000000ec700000)
  object space 35840K, 24% used [0x00000000c5400000,0x00000000c5c88500,0x00000000c7700000)
 Metaspace       used 20756K, capacity 21090K, committed 21296K, reserved 1069056K
  class space    used 2595K, capacity 2687K, committed 2688K, reserved 1048576K
}
Event: 5,632 GC heap before
{Heap before GC invocations=7 (full 1):
 PSYoungGen      total 64000K, used 61440K [0x00000000ec700000, 0x00000000f4d00000, 0x0000000100000000)
  eden space 61440K, 100% used [0x00000000ec700000,0x00000000f0300000,0x00000000f0300000)
  from space 2560K, 0% used [0x00000000f0300000,0x00000000f0300000,0x00000000f0580000)
  to   space 7168K, 0% used [0x00000000f4600000,0x00000000f4600000,0x00000000f4d00000)
 ParOldGen       total 35840K, used 8737K [0x00000000c5400000, 0x00000000c7700000, 0x00000000ec700000)
  object space 35840K, 24% used [0x00000000c5400000,0x00000000c5c88500,0x00000000c7700000)
 Metaspace       used 30836K, capacity 31274K, committed 31488K, reserved 1077248K
  class space    used 3937K, capacity 4048K, committed 4096K, reserved 1048576K
Event: 5,671 GC heap after
Heap after GC invocations=7 (full 1):
 PSYoungGen      total 101888K, used 7153K [0x00000000ec700000, 0x00000000f4d00000, 0x0000000100000000)
  eden space 94720K, 0% used [0x00000000ec700000,0x00000000ec700000,0x00000000f2380000)
  from space 7168K, 99% used [0x00000000f4600000,0x00000000f4cfc520,0x00000000f4d00000)
  to   space 9728K, 0% used [0x00000000f3a00000,0x00000000f3a00000,0x00000000f4380000)
 ParOldGen       total 35840K, used 10455K [0x00000000c5400000, 0x00000000c7700000, 0x00000000ec700000)
  object space 35840K, 29% used [0x00000000c5400000,0x00000000c5e35fa8,0x00000000c7700000)
 Metaspace       used 30836K, capacity 31274K, committed 31488K, reserved 1077248K
  class space    used 3937K, capacity 4048K, committed 4096K, reserved 1048576K
}
Event: 6,509 GC heap before
{Heap before GC invocations=8 (full 1):
 PSYoungGen      total 101888K, used 33790K [0x00000000ec700000, 0x00000000f4d00000, 0x0000000100000000)
  eden space 94720K, 28% used [0x00000000ec700000,0x00000000ee1036d0,0x00000000f2380000)
  from space 7168K, 99% used [0x00000000f4600000,0x00000000f4cfc520,0x00000000f4d00000)
  to   space 9728K, 0% used [0x00000000f3a00000,0x00000000f3a00000,0x00000000f4380000)
 ParOldGen       total 35840K, used 10455K [0x00000000c5400000, 0x00000000c7700000, 0x00000000ec700000)
  object space 35840K, 29% used [0x00000000c5400000,0x00000000c5e35fa8,0x00000000c7700000)
 Metaspace       used 34917K, capacity 35456K, committed 35496K, reserved 1079296K
  class space    used 4619K, capacity 4756K, committed 4776K, reserved 1048576K
Event: 6,540 GC heap after
Heap after GC invocations=8 (full 1):
 PSYoungGen      total 127488K, used 6902K [0x00000000ec700000, 0x00000000f6d00000, 0x0000000100000000)
  eden space 117760K, 0% used [0x00000000ec700000,0x00000000ec700000,0x00000000f3a00000)
  from space 9728K, 70% used [0x00000000f3a00000,0x00000000f40bd8c8,0x00000000f4380000)
  to   space 9728K, 0% used [0x00000000f6380000,0x00000000f6380000,0x00000000f6d00000)
 ParOldGen       total 35840K, used 10463K [0x00000000c5400000, 0x00000000c7700000, 0x00000000ec700000)
  object space 35840K, 29% used [0x00000000c5400000,0x00000000c5e37fa8,0x00000000c7700000)
 Metaspace       used 34917K, capacity 35456K, committed 35496K, reserved 1079296K
  class space    used 4619K, capacity 4756K, committed 4776K, reserved 1048576K
}
Event: 6,540 GC heap before
{Heap before GC invocations=9 (full 2):
 PSYoungGen      total 127488K, used 6902K [0x00000000ec700000, 0x00000000f6d00000, 0x0000000100000000)
  eden space 117760K, 0% used [0x00000000ec700000,0x00000000ec700000,0x00000000f3a00000)
  from space 9728K, 70% used [0x00000000f3a00000,0x00000000f40bd8c8,0x00000000f4380000)
  to   space 9728K, 0% used [0x00000000f6380000,0x00000000f6380000,0x00000000f6d00000)
 ParOldGen       total 35840K, used 10463K [0x00000000c5400000, 0x00000000c7700000, 0x00000000ec700000)
  object space 35840K, 29% used [0x00000000c5400000,0x00000000c5e37fa8,0x00000000c7700000)
 Metaspace       used 34917K, capacity 35456K, committed 35496K, reserved 1079296K
  class space    used 4619K, capacity 4756K, committed 4776K, reserved 1048576K
Event: 6,624 GC heap after
Heap after GC invocations=9 (full 2):
 PSYoungGen      total 127488K, used 0K [0x00000000ec700000, 0x00000000f6d00000, 0x0000000100000000)
  eden space 117760K, 0% used [0x00000000ec700000,0x00000000ec700000,0x00000000f3a00000)
  from space 9728K, 0% used [0x00000000f3a00000,0x00000000f3a00000,0x00000000f4380000)
  to   space 9728K, 0% used [0x00000000f6380000,0x00000000f6380000,0x00000000f6d00000)
 ParOldGen       total 49664K, used 11437K [0x00000000c5400000, 0x00000000c8480000, 0x00000000ec700000)
  object space 49664K, 23% used [0x00000000c5400000,0x00000000c5f2b780,0x00000000c8480000)
 Metaspace       used 34917K, capacity 35456K, committed 35496K, reserved 1079296K
  class space    used 4619K, capacity 4756K, committed 4776K, reserved 1048576K
}

